{"name":"I register with valid credentials","status":"broken","statusDetails":{"known":false,"muted":false,"flaky":false,"message":"No elements with locator 'By.xpath: //*[contains (@text, 'go')]' were found in DISPLAYED state: Expected condition failed:  (tried for 15 second(s) with 300 milliseconds interval)\nBuild info: version: '3.141.59', revision: 'e82be7d358', time: '2018-11-14T08:17:03'\nSystem info: host: 'CMDB-81303', ip: '127.0.1.1', os.name: 'Linux', os.arch: 'amd64', os.version: '5.4.0-88-generic', java.version: '11.0.11'\nDriver info: io.appium.java_client.android.AndroidDriver\nCapabilities {app: /home/ITRANSITION.CORP/m.sh..., appPackage: md.your, automationName: UIAutomator2, databaseEnabled: false, desired: {app: /home/ITRANSITION.CORP/m.sh..., automationName: UIAutomator2, deviceName: Android Emulator, eventTimings: true, platformName: android, uiautomator2ServerInstallTimeout: 30000}, deviceApiLevel: 30, deviceManufacturer: samsung, deviceModel: SM-A525F, deviceName: R58R30H4HJD, deviceScreenDensity: 420, deviceScreenSize: 1080x2400, deviceUDID: R58R30H4HJD, eventTimings: true, javascriptEnabled: true, locationContextEnabled: false, networkConnectionEnabled: true, pixelRatio: 2.625, platform: LINUX, platformName: Android, platformVersion: 11, statBarHeight: 87, takesScreenshot: true, uiautomator2ServerInstallTimeout: 30000, viewportRect: {height: 2099, left: 0, top: 87, width: 1080}, warnings: {}, webStorageEnabled: false}\nSession ID: 0e44dd02-456d-4479-9a14-36800d27ffa8\nFor documentation on this error, please visit: https://www.seleniumhq.org/exceptions/no_such_element.html\nBuild info: version: '3.141.59', revision: 'e82be7d358', time: '2018-11-14T08:17:03'\nSystem info: host: 'CMDB-81303', ip: '127.0.1.1', os.name: 'Linux', os.arch: 'amd64', os.version: '5.4.0-88-generic', java.version: '11.0.11'\nDriver info: driver.version: unknown","trace":"org.openqa.selenium.NoSuchElementException: No elements with locator 'By.xpath: //*[contains (@text, 'go')]' were found in DISPLAYED state: Expected condition failed:  (tried for 15 second(s) with 300 milliseconds interval)\nBuild info: version: '3.141.59', revision: 'e82be7d358', time: '2018-11-14T08:17:03'\nSystem info: host: 'CMDB-81303', ip: '127.0.1.1', os.name: 'Linux', os.arch: 'amd64', os.version: '5.4.0-88-generic', java.version: '11.0.11'\nDriver info: io.appium.java_client.android.AndroidDriver\nCapabilities {app: /home/ITRANSITION.CORP/m.sh..., appPackage: md.your, automationName: UIAutomator2, databaseEnabled: false, desired: {app: /home/ITRANSITION.CORP/m.sh..., automationName: UIAutomator2, deviceName: Android Emulator, eventTimings: true, platformName: android, uiautomator2ServerInstallTimeout: 30000}, deviceApiLevel: 30, deviceManufacturer: samsung, deviceModel: SM-A525F, deviceName: R58R30H4HJD, deviceScreenDensity: 420, deviceScreenSize: 1080x2400, deviceUDID: R58R30H4HJD, eventTimings: true, javascriptEnabled: true, locationContextEnabled: false, networkConnectionEnabled: true, pixelRatio: 2.625, platform: LINUX, platformName: Android, platformVersion: 11, statBarHeight: 87, takesScreenshot: true, uiautomator2ServerInstallTimeout: 30000, viewportRect: {height: 2099, left: 0, top: 87, width: 1080}, warnings: {}, webStorageEnabled: false}\nSession ID: 0e44dd02-456d-4479-9a14-36800d27ffa8\nFor documentation on this error, please visit: https://www.seleniumhq.org/exceptions/no_such_element.html\nBuild info: version: '3.141.59', revision: 'e82be7d358', time: '2018-11-14T08:17:03'\nSystem info: host: 'CMDB-81303', ip: '127.0.1.1', os.name: 'Linux', os.arch: 'amd64', os.version: '5.4.0-88-generic', java.version: '11.0.11'\nDriver info: driver.version: unknown\n\tat aquality.selenium.core.elements.ElementFinder.handleTimeoutException(ElementFinder.java:75)\n\tat aquality.selenium.core.elements.ElementFinder.findElements(ElementFinder.java:36)\n\tat aquality.selenium.core.elements.interfaces.IElementFinder.findElement(IElementFinder.java:51)\n\tat aquality.selenium.core.elements.ElementCacheHandler.getElement(ElementCacheHandler.java:52)\n\tat aquality.selenium.core.elements.interfaces.IElementCacheHandler.getElement(IElementCacheHandler.java:62)\n\tat aquality.selenium.core.elements.Element.getElement(Element.java:80)\n\tat aquality.appium.mobile.elements.Element.getElement(Element.java:83)\n\tat aquality.appium.mobile.elements.interfaces.IElement.getElement(IElement.java:81)\n\tat aquality.appium.mobile.elements.interfaces.IElement.getElement(IElement.java:13)\n\tat aquality.selenium.core.elements.Element.lambda$click$3(Element.java:118)\n\tat aquality.selenium.core.utilities.ActionRetrier.lambda$doWithRetry$0(ActionRetrier.java:21)\n\tat aquality.selenium.core.utilities.ActionRetrier.doWithRetry(ActionRetrier.java:33)\n\tat aquality.selenium.core.utilities.ActionRetrier.doWithRetry(ActionRetrier.java:24)\n\tat aquality.selenium.core.utilities.ElementActionRetrier.doWithRetry(ElementActionRetrier.java:17)\n\tat aquality.selenium.core.elements.Element.doWithRetry(Element.java:136)\n\tat aquality.selenium.core.elements.Element.click(Element.java:118)\n\tat screens.TellUsAboutYourSelfScreen.clickOnContinue(TellUsAboutYourSelfScreen.java:45)\n\tat steps.TellUsAboutYourSelfScreenSteps.enterData(TellUsAboutYourSelfScreenSteps.java:30)\n\tat ✽.I register with data:(file:///home/ITRANSITION.CORP/m.shichko/123/healthily2/src/test/java/features/registrationAndSignIn/Registration.feature:15)\n"},"stage":"finished","steps":[{"name":"Given  What brings you to Healthily screen is opened","status":"passed","statusDetails":{"known":false,"muted":false,"flaky":false},"stage":"finished","steps":[],"attachments":[],"parameters":[],"start":1645508816181,"stop":1645508833042},{"name":"And  Get started button is not clickable","status":"passed","statusDetails":{"known":false,"muted":false,"flaky":false},"stage":"finished","steps":[],"attachments":[],"parameters":[],"start":1645508833044,"stop":1645508833345},{"name":"When  I choose 'Get active' option","status":"passed","statusDetails":{"known":false,"muted":false,"flaky":false},"stage":"finished","steps":[],"attachments":[],"parameters":[],"start":1645508833347,"stop":1645508833669},{"name":"Then  Get started button is clickable","status":"passed","statusDetails":{"known":false,"muted":false,"flaky":false},"stage":"finished","steps":[],"attachments":[],"parameters":[],"start":1645508833669,"stop":1645508833978},{"name":"When  I click Get Started","status":"passed","statusDetails":{"known":false,"muted":false,"flaky":false},"stage":"finished","steps":[],"attachments":[],"parameters":[],"start":1645508833978,"stop":1645508835101},{"name":"Then  Before we get started screen is opened","status":"passed","statusDetails":{"known":false,"muted":false,"flaky":false},"stage":"finished","steps":[],"attachments":[],"parameters":[],"start":1645508835101,"stop":1645508835901},{"name":"And  I agree - let's go button is not clickable","status":"passed","statusDetails":{"known":false,"muted":false,"flaky":false},"stage":"finished","steps":[],"attachments":[],"parameters":[],"start":1645508835902,"stop":1645508836710},{"name":"When  I accept terms and conditions of Privacy Policy","status":"passed","statusDetails":{"known":false,"muted":false,"flaky":false},"stage":"finished","steps":[],"attachments":[],"parameters":[],"start":1645508836711,"stop":1645508838980},{"name":"Then  I agree - let's go button is clickable","status":"passed","statusDetails":{"known":false,"muted":false,"flaky":false},"stage":"finished","steps":[],"attachments":[],"parameters":[],"start":1645508838980,"stop":1645508839853},{"name":"When  I click I agree - let's go","status":"passed","statusDetails":{"known":false,"muted":false,"flaky":false},"stage":"finished","steps":[],"attachments":[],"parameters":[],"start":1645508839853,"stop":1645508842083},{"name":"Then  Tell us about your self screen is opened","status":"passed","statusDetails":{"known":false,"muted":false,"flaky":false},"stage":"finished","steps":[],"attachments":[],"parameters":[],"start":1645508842083,"stop":1645508842301},{"name":"When  I register with data:","status":"broken","statusDetails":{"known":false,"muted":false,"flaky":false,"message":"No elements with locator 'By.xpath: //*[contains (@text, 'go')]' were found in DISPLAYED state: Expected condition failed:  (tried for 15 second(s) with 300 milliseconds interval)\nBuild info: version: '3.141.59', revision: 'e82be7d358', time: '2018-11-14T08:17:03'\nSystem info: host: 'CMDB-81303', ip: '127.0.1.1', os.name: 'Linux', os.arch: 'amd64', os.version: '5.4.0-88-generic', java.version: '11.0.11'\nDriver info: io.appium.java_client.android.AndroidDriver\nCapabilities {app: /home/ITRANSITION.CORP/m.sh..., appPackage: md.your, automationName: UIAutomator2, databaseEnabled: false, desired: {app: /home/ITRANSITION.CORP/m.sh..., automationName: UIAutomator2, deviceName: Android Emulator, eventTimings: true, platformName: android, uiautomator2ServerInstallTimeout: 30000}, deviceApiLevel: 30, deviceManufacturer: samsung, deviceModel: SM-A525F, deviceName: R58R30H4HJD, deviceScreenDensity: 420, deviceScreenSize: 1080x2400, deviceUDID: R58R30H4HJD, eventTimings: true, javascriptEnabled: true, locationContextEnabled: false, networkConnectionEnabled: true, pixelRatio: 2.625, platform: LINUX, platformName: Android, platformVersion: 11, statBarHeight: 87, takesScreenshot: true, uiautomator2ServerInstallTimeout: 30000, viewportRect: {height: 2099, left: 0, top: 87, width: 1080}, warnings: {}, webStorageEnabled: false}\nSession ID: 0e44dd02-456d-4479-9a14-36800d27ffa8\nFor documentation on this error, please visit: https://www.seleniumhq.org/exceptions/no_such_element.html\nBuild info: version: '3.141.59', revision: 'e82be7d358', time: '2018-11-14T08:17:03'\nSystem info: host: 'CMDB-81303', ip: '127.0.1.1', os.name: 'Linux', os.arch: 'amd64', os.version: '5.4.0-88-generic', java.version: '11.0.11'\nDriver info: driver.version: unknown","trace":"org.openqa.selenium.NoSuchElementException: No elements with locator 'By.xpath: //*[contains (@text, 'go')]' were found in DISPLAYED state: Expected condition failed:  (tried for 15 second(s) with 300 milliseconds interval)\nBuild info: version: '3.141.59', revision: 'e82be7d358', time: '2018-11-14T08:17:03'\nSystem info: host: 'CMDB-81303', ip: '127.0.1.1', os.name: 'Linux', os.arch: 'amd64', os.version: '5.4.0-88-generic', java.version: '11.0.11'\nDriver info: io.appium.java_client.android.AndroidDriver\nCapabilities {app: /home/ITRANSITION.CORP/m.sh..., appPackage: md.your, automationName: UIAutomator2, databaseEnabled: false, desired: {app: /home/ITRANSITION.CORP/m.sh..., automationName: UIAutomator2, deviceName: Android Emulator, eventTimings: true, platformName: android, uiautomator2ServerInstallTimeout: 30000}, deviceApiLevel: 30, deviceManufacturer: samsung, deviceModel: SM-A525F, deviceName: R58R30H4HJD, deviceScreenDensity: 420, deviceScreenSize: 1080x2400, deviceUDID: R58R30H4HJD, eventTimings: true, javascriptEnabled: true, locationContextEnabled: false, networkConnectionEnabled: true, pixelRatio: 2.625, platform: LINUX, platformName: Android, platformVersion: 11, statBarHeight: 87, takesScreenshot: true, uiautomator2ServerInstallTimeout: 30000, viewportRect: {height: 2099, left: 0, top: 87, width: 1080}, warnings: {}, webStorageEnabled: false}\nSession ID: 0e44dd02-456d-4479-9a14-36800d27ffa8\nFor documentation on this error, please visit: https://www.seleniumhq.org/exceptions/no_such_element.html\nBuild info: version: '3.141.59', revision: 'e82be7d358', time: '2018-11-14T08:17:03'\nSystem info: host: 'CMDB-81303', ip: '127.0.1.1', os.name: 'Linux', os.arch: 'amd64', os.version: '5.4.0-88-generic', java.version: '11.0.11'\nDriver info: driver.version: unknown\n\tat aquality.selenium.core.elements.ElementFinder.handleTimeoutException(ElementFinder.java:75)\n\tat aquality.selenium.core.elements.ElementFinder.findElements(ElementFinder.java:36)\n\tat aquality.selenium.core.elements.interfaces.IElementFinder.findElement(IElementFinder.java:51)\n\tat aquality.selenium.core.elements.ElementCacheHandler.getElement(ElementCacheHandler.java:52)\n\tat aquality.selenium.core.elements.interfaces.IElementCacheHandler.getElement(IElementCacheHandler.java:62)\n\tat aquality.selenium.core.elements.Element.getElement(Element.java:80)\n\tat aquality.appium.mobile.elements.Element.getElement(Element.java:83)\n\tat aquality.appium.mobile.elements.interfaces.IElement.getElement(IElement.java:81)\n\tat aquality.appium.mobile.elements.interfaces.IElement.getElement(IElement.java:13)\n\tat aquality.selenium.core.elements.Element.lambda$click$3(Element.java:118)\n\tat aquality.selenium.core.utilities.ActionRetrier.lambda$doWithRetry$0(ActionRetrier.java:21)\n\tat aquality.selenium.core.utilities.ActionRetrier.doWithRetry(ActionRetrier.java:33)\n\tat aquality.selenium.core.utilities.ActionRetrier.doWithRetry(ActionRetrier.java:24)\n\tat aquality.selenium.core.utilities.ElementActionRetrier.doWithRetry(ElementActionRetrier.java:17)\n\tat aquality.selenium.core.elements.Element.doWithRetry(Element.java:136)\n\tat aquality.selenium.core.elements.Element.click(Element.java:118)\n\tat screens.TellUsAboutYourSelfScreen.clickOnContinue(TellUsAboutYourSelfScreen.java:45)\n\tat steps.TellUsAboutYourSelfScreenSteps.enterData(TellUsAboutYourSelfScreenSteps.java:30)\n\tat ✽.I register with data:(file:///home/ITRANSITION.CORP/m.shichko/123/healthily2/src/test/java/features/registrationAndSignIn/Registration.feature:15)\n"},"stage":"finished","steps":[],"attachments":[{"name":"Data table","source":"b66f79e7-926d-41ba-a3e7-5d05dc5f5f3f-attachment.csv","type":"text/tab-separated-values"}],"parameters":[],"start":1645508842302,"stop":1645508861456},{"name":"Then  Create your account screen is opened","status":"skipped","statusDetails":{"known":false,"muted":false,"flaky":false},"stage":"finished","steps":[],"attachments":[],"parameters":[],"start":1645508861457,"stop":1645508861458},{"name":"When  I create my account with email and password","status":"skipped","statusDetails":{"known":false,"muted":false,"flaky":false},"stage":"finished","steps":[],"attachments":[],"parameters":[],"start":1645508861459,"stop":1645508861460},{"name":"Then  Subscribe screen is opened","status":"skipped","statusDetails":{"known":false,"muted":false,"flaky":false},"stage":"finished","steps":[],"attachments":[],"parameters":[],"start":1645508861461,"stop":1645508861462}],"attachments":[],"parameters":[],"start":1645508816180,"stop":1645508861998,"uuid":"6ee7c912-5eb8-47aa-91fc-42ac8c7ec4d0","historyId":"16e917849e21fe2fa97e76eea253841a","fullName":"Registration: I register with valid credentials","labels":[{"name":"host","value":"CMDB-81303"},{"name":"thread","value":"6771@CMDB-81303.main(1)"},{"name":"feature","value":"Registration"},{"name":"story","value":"I register with valid credentials"},{"name":"suite","value":"Registration"},{"name":"testClass","value":"I register with valid credentials"},{"name":"framework","value":"cucumber4jvm"},{"name":"language","value":"java"},{"name":"gherkin_uri","value":"file:///home/ITRANSITION.CORP/m.shichko/123/healthily2/src/test/java/features/registrationAndSignIn/Registration.feature"},{"name":"package","value":"src.test.java.features.registrationAndSignIn.Registration_feature.Registration"}],"links":[]}